<?xml version="1.0"?>
<testsuites>
	<testsuite errors="0" failures="2" name="test/unit/vl-select.test.html (chrome 92)" skipped="0" tests="39">
		<testcase name="vl-select; heeft de vl-select class" time="2"/>
		<testcase name="vl-select; krijgt de juiste class wanneer het element een correct attribuut bevat" time="1"/>
		<testcase name="vl-select; krijgt geen class wanneer het veld een onbeschikbaar attribuut bevat" time="0"/>
		<testcase name="vl-select; de dress methode callt vl.select.dress" time="10"/>
		<testcase name="vl-select; de dress methode callt vl.select.dress niet als dressed attribuut al gezet is" time="1"/>
		<testcase name="vl-select; de dress methode met params callt vl.select.dress met params" time="7"/>
		<testcase name="vl-select; de undress methode callt vl.select.undress niet als dressed atribuut niet is gezet" time="0"/>
		<testcase name="vl-select; de undress methode callt vl.select.undress met de choices instantie enkel als dressed atribuut is gezet" time="8"/>
		<testcase name="vl-select; de enable methode callt vl.select.enable" time="1"/>
		<testcase name="vl-select; de disable methode callt vl.select.enable" time="0"/>
		<testcase name="vl-select; de removeActive methode callt vl.select.removeActive" time="0"/>
		<testcase name="vl-select; de showDropdown methode callt vl.select.showDropdown" time="0"/>
		<testcase name="vl-select; de hideDropdown methode callt vl.select.hideDropdown" time="1"/>
		<testcase name="vl-select; de mogelijkheden kunnen achteraf nog bepaald worden" time="8"/>
		<testcase name="vl-select; het zetten van de sortFilter zorgt er voor de choices config aangepast worden met een sortFilter" time="6"/>
		<testcase name="vl-select; bij het toevoegen van een select element aan de DOM zal de dress functie aangeroepen worden zodat de select functionaliteit geactiveerd wordt" time="6"/>
		<testcase name="vl-select; de dress functie wordt maar 1 keer aangeroepen per select element" time="10"/>
		<testcase name="vl-select; de undress functie zorgt er ook voor dat de select instance verwijderd wordt" time="9"/>
		<testcase name="vl-select; de geselecteerde keuze kan gezet en opgevraagd worden" time="0"/>
		<testcase name="vl-select; de geselecteerde keuze kan gezet en opgevraagd worden bij een dressed select" time="14"/>
		<testcase name="vl-select; wanneer het vl-select element volledig klaar is zal het een ready event versturen" time="14"/>
		<testcase name="vl-select; wanneer het vl-select element volledig klaar is resolved de ready functie" time="56"/>
		<testcase name="vl-select; wanneer het select element een slot attribuut bevat, zal het na de dress het slot attribuut kopi&#xEB;ren naar het wrapper element" time="51"/>
		<testcase name="vl-select; change event wordt bij een dressed variant gepropageerd" time="44"/>
		<testcase name="vl-select; change event wordt bij een dressed variant gepropageerd ook wanneer value leeg is" time="16"/>
		<testcase name="vl-select; bij het programmatisch verwijderen van een geselecteerde optie in combinatie met het data-vl-deletable attribuut zal de select gesloten blijven" time="19"/>
		<testcase name="vl-select; na het manueel dressen van een select wordt het error en success attribuut correct verwerkt" time="21"/>
		<testcase name="vl-select; kan programmatisch focus activeren" time="10003">
			<failure message="Timeout of 10000ms exceeded. For async tests and hooks, ensure &#x22;done()&#x22; is called; if returning a Promise, ensure it resolves.">Timeout of 10000ms exceeded. For async tests and hooks, ensure "done()" is called; if returning a Promise, ensure it resolves.</failure>
		</testcase>
		<testcase name="vl-select; kan programmatisch focus activeren bij een dressed variant" time="10003">
			<failure message="Timeout of 10000ms exceeded. For async tests and hooks, ensure &#x22;done()&#x22; is called; if returning a Promise, ensure it resolves.">Timeout of 10000ms exceeded. For async tests and hooks, ensure "done()" is called; if returning a Promise, ensure it resolves.</failure>
		</testcase>
		<testcase name="vl-select; bevat de form validation observed attributes om correcte formulier validatie te realiseren" time="1"/>
		<testcase name="vl-select; de select zal de validation dress functie uitvoeren als het onderdeel van een formulier is" time="6"/>
		<testcase name="vl-select; de auto dress select zal pas wanneer dress uitgevoerd werd de validation dress functie uitvoeren als het onderdeel van een formulier is" time="56"/>
		<testcase name="vl-select; na een dress bevat de parent van het wrap element het validatie error parent attribuut voor correcte formulier validatie" time="7"/>
		<testcase name="vl-select; de select standaard teksten zijn identiek aan de standaard die centraal gedeclareerd wordt" time="1"/>
		<testcase name="vl-select; de placeholder tekst kan per select geconfigureerd worden" time="55"/>
		<testcase name="vl-select; de geen resultaten tekst kan per select geconfigureerd worden" time="65"/>
		<testcase name="vl-select; de geen keuzes meer tekst kan per select geconfigureerd worden" time="70"/>
		<testcase name="vl-select; de teksten configuratie van een select heeft geen invloed op een select zonder tekst configuratie die de standaard teksten zal tonen" time="313"/>
		<testcase name="vl-select; een dressed required select is alleen valid als hij een waarde heeft" time="13"/>
	</testsuite>
</testsuites>
