<?xml version="1.0"?>
<testsuites>
	<testsuite errors="0" failures="0" name="test/unit/vl-functional-header.test.html (chrome 92)" skipped="0" tests="16">
		<testcase name="vl-functional-header; toont de titel op basis van het titel attribuut" time="17"/>
		<testcase name="vl-functional-header; kan de titel link bepalen door het link attribuut" time="1"/>
		<testcase name="vl-functional-header; toont de titel op basis van het slot element" time="4"/>
		<testcase name="vl-functional-header; toont de sub titel op basis van het sub titel attribuut" time="35"/>
		<testcase name="vl-functional-header; toont de sub titel op basis van het slot element" time="1"/>
		<testcase name="vl-functional-header; bevat een back link element die bij het klikken de vorige browser pagina zal openen" time="1"/>
		<testcase name="vl-functional-header; de click event listener van de back link kan gewijzigd worden" time="2"/>
		<testcase name="vl-functional-header; kan de tekst van de back link wijzigen via een attribuut" time="3"/>
		<testcase name="vl-functional-header; kan de tekst van de back link wijzigen via een slot element" time="1"/>
		<testcase name="vl-functional-header; toont geen acties container als er geen actie aanwezig is" time="1"/>
		<testcase name="vl-functional-header; toont voor elk actie slot child element een actie" time="1"/>
		<testcase name="vl-functional-header; toont de acties opnieuw indien er iets wijzigt" time="74"/>
		<testcase name="vl-functional-header; de link elementen hebben een tabindex zodat ze bereikbaar zijn via de tab toets" time="2"/>
		<testcase name="vl-functional-header; het back link href attribuut kan bepaald worden" time="0"/>
		<testcase name="vl-functional-header; bij het verwijderen van het custom back link href attribuut zal de document referrer als fallback gebruikt worden" time="1"/>
		<testcase name="vl-functional-header; WCAG het header element bevat geen role banner attribuut" time="1"/>
	</testsuite>
	<testsuite errors="0" failures="0" name="test/unit/vl-functional-header.test.html (firefox 91)" skipped="0" tests="16">
		<testcase name="vl-functional-header; toont de titel op basis van het titel attribuut" time="3"/>
		<testcase name="vl-functional-header; kan de titel link bepalen door het link attribuut" time="1"/>
		<testcase name="vl-functional-header; toont de titel op basis van het slot element" time="0"/>
		<testcase name="vl-functional-header; toont de sub titel op basis van het sub titel attribuut" time="4"/>
		<testcase name="vl-functional-header; toont de sub titel op basis van het slot element" time="0"/>
		<testcase name="vl-functional-header; bevat een back link element die bij het klikken de vorige browser pagina zal openen" time="2"/>
		<testcase name="vl-functional-header; de click event listener van de back link kan gewijzigd worden" time="1"/>
		<testcase name="vl-functional-header; kan de tekst van de back link wijzigen via een attribuut" time="1"/>
		<testcase name="vl-functional-header; kan de tekst van de back link wijzigen via een slot element" time="0"/>
		<testcase name="vl-functional-header; toont geen acties container als er geen actie aanwezig is" time="1"/>
		<testcase name="vl-functional-header; toont voor elk actie slot child element een actie" time="1"/>
		<testcase name="vl-functional-header; toont de acties opnieuw indien er iets wijzigt" time="11"/>
		<testcase name="vl-functional-header; de link elementen hebben een tabindex zodat ze bereikbaar zijn via de tab toets" time="0"/>
		<testcase name="vl-functional-header; het back link href attribuut kan bepaald worden" time="1"/>
		<testcase name="vl-functional-header; bij het verwijderen van het custom back link href attribuut zal de document referrer als fallback gebruikt worden" time="1"/>
		<testcase name="vl-functional-header; WCAG het header element bevat geen role banner attribuut" time="0"/>
	</testsuite>
</testsuites>
