<?xml version="1.0"?>
<testsuites>
	<testsuite errors="0" failures="0" name="test/unit/vl-accordion.test.html (chrome 92)" skipped="0" tests="13">
		<testcase name="vl-accordion; bevat een container met de juiste class zodat de stijl goed toegepast wordt" time="2"/>
		<testcase name="vl-accordion; bevat een accordion container" time="1"/>
		<testcase name="vl-accordion; bevat een toggle knop en titel om de accordion te openen en te sluiten" time="0"/>
		<testcase name="vl-accordion; bevat een container voor de accordion content" time="0"/>
		<testcase name="vl-accordion; het titel attribuut wordt als titel gevisualiseerd" time="36"/>
		<testcase name="vl-accordion; de titel kan gewijzigd worden op basis van de open of gesloten toestand van de accordion" time="1"/>
		<testcase name="vl-accordion; het slot element wordt in de content container gevisualiseerd" time="1"/>
		<testcase name="vl-accordion; kan programatorisch geopend worden" time="2"/>
		<testcase name="vl-accordion; kan programatorisch gesloten worden" time="2"/>
		<testcase name="vl-accordion; kan programatorisch geopend en gesloten worden op basis van de huidige status (open of gesloten) van de accordion" time="1"/>
		<testcase name="vl-accordion; bij het toevoegen van een accordion element aan de DOM zal de dress functie aangeroepen worden zodat de accordion functionaliteit geactiveerd wordt" time="0"/>
		<testcase name="vl-accordion; content click events worden niet tegengehouden" time="41"/>
		<testcase name="vl-accordion; titel kan ook via slot toegevoegd worden" time="1"/>
	</testsuite>
	<testsuite errors="0" failures="0" name="test/unit/vl-accordion.test.html (firefox 91)" skipped="0" tests="13">
		<testcase name="vl-accordion; bevat een container met de juiste class zodat de stijl goed toegepast wordt" time="1"/>
		<testcase name="vl-accordion; bevat een accordion container" time="1"/>
		<testcase name="vl-accordion; bevat een toggle knop en titel om de accordion te openen en te sluiten" time="1"/>
		<testcase name="vl-accordion; bevat een container voor de accordion content" time="0"/>
		<testcase name="vl-accordion; het titel attribuut wordt als titel gevisualiseerd" time="8"/>
		<testcase name="vl-accordion; de titel kan gewijzigd worden op basis van de open of gesloten toestand van de accordion" time="0"/>
		<testcase name="vl-accordion; het slot element wordt in de content container gevisualiseerd" time="1"/>
		<testcase name="vl-accordion; kan programatorisch geopend worden" time="2"/>
		<testcase name="vl-accordion; kan programatorisch gesloten worden" time="0"/>
		<testcase name="vl-accordion; kan programatorisch geopend en gesloten worden op basis van de huidige status (open of gesloten) van de accordion" time="1"/>
		<testcase name="vl-accordion; bij het toevoegen van een accordion element aan de DOM zal de dress functie aangeroepen worden zodat de accordion functionaliteit geactiveerd wordt" time="0"/>
		<testcase name="vl-accordion; content click events worden niet tegengehouden" time="9"/>
		<testcase name="vl-accordion; titel kan ook via slot toegevoegd worden" time="0"/>
	</testsuite>
</testsuites>
